<?xml version="1.0" encoding="UTF-8"?>
<!-- Generated by org.testng.reporters.JUnitXMLReporter -->
<testsuite hostname="LTIN237839" name="Test" tests="1" failures="0" timestamp="16 Dec 2020 13:26:25 GMT" time="0.563" errors="0">
  <testcase name="@BeforeClass setUpClass" time="0.0" classname="cucumberRunner.TestRunner">
    <failure type="cucumber.runtime.DuplicateStepDefinitionException" message="Duplicate step definitions in stepDefinitions.stepDenifition2.user_enter_in_the_page(String) in file:/C:/SeleniumWebDriver/Cucumber/Cucumber_TestNg_folder_2_practise/TestNGCucumber/target/test-classes/ and stepDefinitions.stepDenifition.user_enter_in_the_page(String) in file:/C:/SeleniumWebDriver/Cucumber/Cucumber_TestNg_folder_2_practise/TestNGCucumber/target/test-classes/">
      <![CDATA[cucumber.runtime.DuplicateStepDefinitionException: Duplicate step definitions in stepDefinitions.stepDenifition2.user_enter_in_the_page(String) in file:/C:/SeleniumWebDriver/Cucumber/Cucumber_TestNg_folder_2_practise/TestNGCucumber/target/test-classes/ and stepDefinitions.stepDenifition.user_enter_in_the_page(String) in file:/C:/SeleniumWebDriver/Cucumber/Cucumber_TestNg_folder_2_practise/TestNGCucumber/target/test-classes/
	at cucumber.runtime.RuntimeGlue.addStepDefinition(RuntimeGlue.java:33)
	at cucumber.runtime.java.JavaBackend.addStepDefinition(JavaBackend.java:151)
	at cucumber.runtime.java.MethodScanner.scan(MethodScanner.java:68)
	at cucumber.runtime.java.MethodScanner.scan(MethodScanner.java:41)
	at cucumber.runtime.java.JavaBackend.loadGlue(JavaBackend.java:86)
	at cucumber.runtime.Runtime.<init>(Runtime.java:92)
	at cucumber.runtime.Runtime.<init>(Runtime.java:70)
	at cucumber.runtime.Runtime.<init>(Runtime.java:66)
	at cucumber.api.testng.TestNGCucumberRunner.<init>(TestNGCucumberRunner.java:42)
	at cucumber.api.testng.AbstractTestNGCucumberTests.setUpClass(AbstractTestNGCucumberTests.java:16)
... Removed 25 stack frames]]>
    </failure>
  </testcase> <!-- @BeforeClass setUpClass -->
  <testcase name="@AfterClass tearDownClass" time="0.0" classname="cucumberRunner.TestRunner">
    <failure type="java.lang.NullPointerException">
      <![CDATA[java.lang.NullPointerException
	at cucumber.api.testng.AbstractTestNGCucumberTests.tearDownClass(AbstractTestNGCucumberTests.java:34)
... Removed 25 stack frames]]>
    </failure>
  </testcase> <!-- @AfterClass tearDownClass -->
  <testcase name="feature" time="0.0" classname="cucumberRunner.TestRunner">
    <skipped/>
  </testcase> <!-- feature -->
</testsuite> <!-- Test -->
